\BOOKMARK [1][-]{section.1}{far\137back\(game\137info, old\137game\137info, opponent\137distance, controller\137input\)}{}% 1
\BOOKMARK [2][-]{subsection.1.1}{game\137info}{section.1}% 2
\BOOKMARK [2][-]{subsection.1.2}{old\137game\137info}{section.1}% 3
\BOOKMARK [2][-]{subsection.1.3}{opponent\137distance}{section.1}% 4
\BOOKMARK [2][-]{subsection.1.4}{controller\137input}{section.1}% 5
\BOOKMARK [1][-]{section.2}{back\137right\(game\137info, old\137game\137info, opponent\137distance, controller\137input\)}{}% 6
\BOOKMARK [2][-]{subsection.2.1}{game\137info}{section.2}% 7
\BOOKMARK [2][-]{subsection.2.2}{old\137game\137info}{section.2}% 8
\BOOKMARK [2][-]{subsection.2.3}{opponent\137distance}{section.2}% 9
\BOOKMARK [2][-]{subsection.2.4}{controller\137input}{section.2}% 10
\BOOKMARK [1][-]{section.3}{left\(game\137info, old\137game\137info, opponent\137distance, controller\137input\)}{}% 11
\BOOKMARK [2][-]{subsection.3.1}{game\137info}{section.3}% 12
\BOOKMARK [2][-]{subsection.3.2}{old\137game\137info}{section.3}% 13
\BOOKMARK [2][-]{subsection.3.3}{opponent\137distance}{section.3}% 14
\BOOKMARK [2][-]{subsection.3.4}{controller\137input}{section.3}% 15
\BOOKMARK [1][-]{section.4}{right\(game\137info, old\137game\137info, opponent\137distance, controller\137input\)}{}% 16
\BOOKMARK [2][-]{subsection.4.1}{game\137info}{section.4}% 17
\BOOKMARK [2][-]{subsection.4.2}{old\137game\137info}{section.4}% 18
\BOOKMARK [2][-]{subsection.4.3}{opponent\137distance}{section.4}% 19
\BOOKMARK [2][-]{subsection.4.4}{controller\137input}{section.4}% 20
